CRITICAL - 2023-10-05 20:35:24 --> Call to undefined method Config\Database::connet()
in APPPATH\Controllers\PostController.php on line 89.
 1 SYSTEMPATH\CodeIgniter.php(919): App\Controllers\PostController->ejercicio09()
 2 SYSTEMPATH\CodeIgniter.php(494): CodeIgniter\CodeIgniter->runController(Object(App\Controllers\PostController))
 3 SYSTEMPATH\CodeIgniter.php(353): CodeIgniter\CodeIgniter->handleRequest(null, Object(Config\Cache), false)
 4 FCPATH\index.php(79): CodeIgniter\CodeIgniter->run()
 5 SYSTEMPATH\Commands\Server\rewrite.php(47): require_once('C:\\Users\\atang\\Downloads\\Nueva carpeta\\blog-main\\public\\index.php')
CRITICAL - 2023-10-05 20:36:49 --> Undefined property: CodeIgniter\Database\MySQLi\Result::$getResultArray
in APPPATH\Controllers\PostController.php on line 94.
 1 APPPATH\Controllers\PostController.php(94): CodeIgniter\Debug\Exceptions->errorHandler(2, 'Undefined property: CodeIgniter\\Database\\MySQLi\\Result::$getResultArray', 'C:\\Users\\atang\\Downloads\\Nueva carpeta\\blog-main\\app\\Controllers\\PostController.php', 94)
 2 SYSTEMPATH\CodeIgniter.php(919): App\Controllers\PostController->ejercicio09()
 3 SYSTEMPATH\CodeIgniter.php(494): CodeIgniter\CodeIgniter->runController(Object(App\Controllers\PostController))
 4 SYSTEMPATH\CodeIgniter.php(353): CodeIgniter\CodeIgniter->handleRequest(null, Object(Config\Cache), false)
 5 FCPATH\index.php(79): CodeIgniter\CodeIgniter->run()
 6 SYSTEMPATH\Commands\Server\rewrite.php(47): require_once('C:\\Users\\atang\\Downloads\\Nueva carpeta\\blog-main\\public\\index.php')
CRITICAL - 2023-10-05 20:37:17 --> Undefined property: CodeIgniter\Database\MySQLi\Result::$getResultArray
in APPPATH\Controllers\PostController.php on line 94.
 1 APPPATH\Controllers\PostController.php(94): CodeIgniter\Debug\Exceptions->errorHandler(2, 'Undefined property: CodeIgniter\\Database\\MySQLi\\Result::$getResultArray', 'C:\\Users\\atang\\Downloads\\Nueva carpeta\\blog-main\\app\\Controllers\\PostController.php', 94)
 2 SYSTEMPATH\CodeIgniter.php(919): App\Controllers\PostController->ejercicio09()
 3 SYSTEMPATH\CodeIgniter.php(494): CodeIgniter\CodeIgniter->runController(Object(App\Controllers\PostController))
 4 SYSTEMPATH\CodeIgniter.php(353): CodeIgniter\CodeIgniter->handleRequest(null, Object(Config\Cache), false)
 5 FCPATH\index.php(79): CodeIgniter\CodeIgniter->run()
 6 SYSTEMPATH\Commands\Server\rewrite.php(47): require_once('C:\\Users\\atang\\Downloads\\Nueva carpeta\\blog-main\\public\\index.php')
CRITICAL - 2023-10-05 20:37:42 --> Undefined property: CodeIgniter\Database\MySQLi\Result::$getResultArray
in APPPATH\Controllers\PostController.php on line 94.
 1 APPPATH\Controllers\PostController.php(94): CodeIgniter\Debug\Exceptions->errorHandler(2, 'Undefined property: CodeIgniter\\Database\\MySQLi\\Result::$getResultArray', 'C:\\Users\\atang\\Downloads\\Nueva carpeta\\blog-main\\app\\Controllers\\PostController.php', 94)
 2 SYSTEMPATH\CodeIgniter.php(919): App\Controllers\PostController->ejercicio09()
 3 SYSTEMPATH\CodeIgniter.php(494): CodeIgniter\CodeIgniter->runController(Object(App\Controllers\PostController))
 4 SYSTEMPATH\CodeIgniter.php(353): CodeIgniter\CodeIgniter->handleRequest(null, Object(Config\Cache), false)
 5 FCPATH\index.php(79): CodeIgniter\CodeIgniter->run()
 6 SYSTEMPATH\Commands\Server\rewrite.php(47): require_once('C:\\Users\\atang\\Downloads\\Nueva carpeta\\blog-main\\public\\index.php')
CRITICAL - 2023-10-05 20:39:02 --> Undefined property: CodeIgniter\Database\MySQLi\Result::$getResultArray
in APPPATH\Controllers\PostController.php on line 94.
 1 APPPATH\Controllers\PostController.php(94): CodeIgniter\Debug\Exceptions->errorHandler(2, 'Undefined property: CodeIgniter\\Database\\MySQLi\\Result::$getResultArray', 'C:\\Users\\atang\\Downloads\\Nueva carpeta\\blog-main\\app\\Controllers\\PostController.php', 94)
 2 SYSTEMPATH\CodeIgniter.php(919): App\Controllers\PostController->ejercicio09()
 3 SYSTEMPATH\CodeIgniter.php(494): CodeIgniter\CodeIgniter->runController(Object(App\Controllers\PostController))
 4 SYSTEMPATH\CodeIgniter.php(353): CodeIgniter\CodeIgniter->handleRequest(null, Object(Config\Cache), false)
 5 FCPATH\index.php(79): CodeIgniter\CodeIgniter->run()
 6 SYSTEMPATH\Commands\Server\rewrite.php(47): require_once('C:\\Users\\atang\\Downloads\\Nueva carpeta\\blog-main\\public\\index.php')
CRITICAL - 2023-10-05 20:39:26 --> Undefined property: CodeIgniter\Database\MySQLi\Result::$getResultArray
in APPPATH\Controllers\PostController.php on line 94.
 1 APPPATH\Controllers\PostController.php(94): CodeIgniter\Debug\Exceptions->errorHandler(2, 'Undefined property: CodeIgniter\\Database\\MySQLi\\Result::$getResultArray', 'C:\\Users\\atang\\Downloads\\Nueva carpeta\\blog-main\\app\\Controllers\\PostController.php', 94)
 2 SYSTEMPATH\CodeIgniter.php(919): App\Controllers\PostController->ejercicio09()
 3 SYSTEMPATH\CodeIgniter.php(494): CodeIgniter\CodeIgniter->runController(Object(App\Controllers\PostController))
 4 SYSTEMPATH\CodeIgniter.php(353): CodeIgniter\CodeIgniter->handleRequest(null, Object(Config\Cache), false)
 5 FCPATH\index.php(79): CodeIgniter\CodeIgniter->run()
 6 SYSTEMPATH\Commands\Server\rewrite.php(47): require_once('C:\\Users\\atang\\Downloads\\Nueva carpeta\\blog-main\\public\\index.php')
CRITICAL - 2023-10-05 20:41:23 --> Undefined array key "ppc"
in APPPATH\Views\posts\ejercicio09.php on line 10.
 1 APPPATH\Views\posts\ejercicio09.php(10): CodeIgniter\Debug\Exceptions->errorHandler(2, 'Undefined array key "ppc"', 'C:\\Users\\atang\\Downloads\\Nueva carpeta\\blog-main\\app\\Views\\posts\\ejercicio09.php', 10)
 2 SYSTEMPATH\View\View.php(226): include('C:\\Users\\atang\\Downloads\\Nueva carpeta\\blog-main\\app\\Views\\posts\\ejercicio09.php')
 3 SYSTEMPATH\View\View.php(229): CodeIgniter\View\View->CodeIgniter\View\{closure}()
 4 SYSTEMPATH\Common.php(1188): CodeIgniter\View\View->render('posts/ejercicio09', [], true)
 5 APPPATH\Controllers\PostController.php(100): view('posts/ejercicio09', [...])
 6 SYSTEMPATH\CodeIgniter.php(919): App\Controllers\PostController->ejercicio09()
 7 SYSTEMPATH\CodeIgniter.php(494): CodeIgniter\CodeIgniter->runController(Object(App\Controllers\PostController))
 8 SYSTEMPATH\CodeIgniter.php(353): CodeIgniter\CodeIgniter->handleRequest(null, Object(Config\Cache), false)
 9 FCPATH\index.php(79): CodeIgniter\CodeIgniter->run()
10 SYSTEMPATH\Commands\Server\rewrite.php(47): require_once('C:\\Users\\atang\\Downloads\\Nueva carpeta\\blog-main\\public\\index.php')
CRITICAL - 2023-10-05 20:43:01 --> Undefined array key "pda"
in APPPATH\Views\posts\ejercicio09.php on line 10.
 1 APPPATH\Views\posts\ejercicio09.php(10): CodeIgniter\Debug\Exceptions->errorHandler(2, 'Undefined array key "pda"', 'C:\\Users\\atang\\Downloads\\Nueva carpeta\\blog-main\\app\\Views\\posts\\ejercicio09.php', 10)
 2 SYSTEMPATH\View\View.php(226): include('C:\\Users\\atang\\Downloads\\Nueva carpeta\\blog-main\\app\\Views\\posts\\ejercicio09.php')
 3 SYSTEMPATH\View\View.php(229): CodeIgniter\View\View->CodeIgniter\View\{closure}()
 4 SYSTEMPATH\Common.php(1188): CodeIgniter\View\View->render('posts/ejercicio09', [], true)
 5 APPPATH\Controllers\PostController.php(100): view('posts/ejercicio09', [...])
 6 SYSTEMPATH\CodeIgniter.php(919): App\Controllers\PostController->ejercicio09()
 7 SYSTEMPATH\CodeIgniter.php(494): CodeIgniter\CodeIgniter->runController(Object(App\Controllers\PostController))
 8 SYSTEMPATH\CodeIgniter.php(353): CodeIgniter\CodeIgniter->handleRequest(null, Object(Config\Cache), false)
 9 FCPATH\index.php(79): CodeIgniter\CodeIgniter->run()
10 SYSTEMPATH\Commands\Server\rewrite.php(47): require_once('C:\\Users\\atang\\Downloads\\Nueva carpeta\\blog-main\\public\\index.php')
CRITICAL - 2023-10-05 20:43:35 --> Undefined array key "pda"
in APPPATH\Views\posts\ejercicio09.php on line 17.
 1 APPPATH\Views\posts\ejercicio09.php(17): CodeIgniter\Debug\Exceptions->errorHandler(2, 'Undefined array key "pda"', 'C:\\Users\\atang\\Downloads\\Nueva carpeta\\blog-main\\app\\Views\\posts\\ejercicio09.php', 17)
 2 SYSTEMPATH\View\View.php(226): include('C:\\Users\\atang\\Downloads\\Nueva carpeta\\blog-main\\app\\Views\\posts\\ejercicio09.php')
 3 SYSTEMPATH\View\View.php(229): CodeIgniter\View\View->CodeIgniter\View\{closure}()
 4 SYSTEMPATH\Common.php(1188): CodeIgniter\View\View->render('posts/ejercicio09', [], true)
 5 APPPATH\Controllers\PostController.php(100): view('posts/ejercicio09', [...])
 6 SYSTEMPATH\CodeIgniter.php(919): App\Controllers\PostController->ejercicio09()
 7 SYSTEMPATH\CodeIgniter.php(494): CodeIgniter\CodeIgniter->runController(Object(App\Controllers\PostController))
 8 SYSTEMPATH\CodeIgniter.php(353): CodeIgniter\CodeIgniter->handleRequest(null, Object(Config\Cache), false)
 9 FCPATH\index.php(79): CodeIgniter\CodeIgniter->run()
10 SYSTEMPATH\Commands\Server\rewrite.php(47): require_once('C:\\Users\\atang\\Downloads\\Nueva carpeta\\blog-main\\public\\index.php')
CRITICAL - 2023-10-05 20:44:33 --> Undefined array key "pea"
in APPPATH\Views\posts\ejercicio09.php on line 10.
 1 APPPATH\Views\posts\ejercicio09.php(10): CodeIgniter\Debug\Exceptions->errorHandler(2, 'Undefined array key "pea"', 'C:\\Users\\atang\\Downloads\\Nueva carpeta\\blog-main\\app\\Views\\posts\\ejercicio09.php', 10)
 2 SYSTEMPATH\View\View.php(226): include('C:\\Users\\atang\\Downloads\\Nueva carpeta\\blog-main\\app\\Views\\posts\\ejercicio09.php')
 3 SYSTEMPATH\View\View.php(229): CodeIgniter\View\View->CodeIgniter\View\{closure}()
 4 SYSTEMPATH\Common.php(1188): CodeIgniter\View\View->render('posts/ejercicio09', [], true)
 5 APPPATH\Controllers\PostController.php(100): view('posts/ejercicio09', [...])
 6 SYSTEMPATH\CodeIgniter.php(919): App\Controllers\PostController->ejercicio09()
 7 SYSTEMPATH\CodeIgniter.php(494): CodeIgniter\CodeIgniter->runController(Object(App\Controllers\PostController))
 8 SYSTEMPATH\CodeIgniter.php(353): CodeIgniter\CodeIgniter->handleRequest(null, Object(Config\Cache), false)
 9 FCPATH\index.php(79): CodeIgniter\CodeIgniter->run()
10 SYSTEMPATH\Commands\Server\rewrite.php(47): require_once('C:\\Users\\atang\\Downloads\\Nueva carpeta\\blog-main\\public\\index.php')
CRITICAL - 2023-10-05 20:47:24 --> Undefined array key "id"
in APPPATH\Views\posts\ejercicio09.php on line 19.
 1 APPPATH\Views\posts\ejercicio09.php(19): CodeIgniter\Debug\Exceptions->errorHandler(2, 'Undefined array key "id"', 'C:\\Users\\atang\\Downloads\\Nueva carpeta\\blog-main\\app\\Views\\posts\\ejercicio09.php', 19)
 2 SYSTEMPATH\View\View.php(226): include('C:\\Users\\atang\\Downloads\\Nueva carpeta\\blog-main\\app\\Views\\posts\\ejercicio09.php')
 3 SYSTEMPATH\View\View.php(229): CodeIgniter\View\View->CodeIgniter\View\{closure}()
 4 SYSTEMPATH\Common.php(1188): CodeIgniter\View\View->render('posts/ejercicio09', [], true)
 5 APPPATH\Controllers\PostController.php(100): view('posts/ejercicio09', [...])
 6 SYSTEMPATH\CodeIgniter.php(919): App\Controllers\PostController->ejercicio09()
 7 SYSTEMPATH\CodeIgniter.php(494): CodeIgniter\CodeIgniter->runController(Object(App\Controllers\PostController))
 8 SYSTEMPATH\CodeIgniter.php(353): CodeIgniter\CodeIgniter->handleRequest(null, Object(Config\Cache), false)
 9 FCPATH\index.php(79): CodeIgniter\CodeIgniter->run()
10 SYSTEMPATH\Commands\Server\rewrite.php(47): require_once('C:\\Users\\atang\\Downloads\\Nueva carpeta\\blog-main\\public\\index.php')
CRITICAL - 2023-10-05 20:47:53 --> Undefined array key "username"
in APPPATH\Views\posts\ejercicio09.php on line 22.
 1 APPPATH\Views\posts\ejercicio09.php(22): CodeIgniter\Debug\Exceptions->errorHandler(2, 'Undefined array key "username"', 'C:\\Users\\atang\\Downloads\\Nueva carpeta\\blog-main\\app\\Views\\posts\\ejercicio09.php', 22)
 2 SYSTEMPATH\View\View.php(226): include('C:\\Users\\atang\\Downloads\\Nueva carpeta\\blog-main\\app\\Views\\posts\\ejercicio09.php')
 3 SYSTEMPATH\View\View.php(229): CodeIgniter\View\View->CodeIgniter\View\{closure}()
 4 SYSTEMPATH\Common.php(1188): CodeIgniter\View\View->render('posts/ejercicio09', [], true)
 5 APPPATH\Controllers\PostController.php(100): view('posts/ejercicio09', [...])
 6 SYSTEMPATH\CodeIgniter.php(919): App\Controllers\PostController->ejercicio09()
 7 SYSTEMPATH\CodeIgniter.php(494): CodeIgniter\CodeIgniter->runController(Object(App\Controllers\PostController))
 8 SYSTEMPATH\CodeIgniter.php(353): CodeIgniter\CodeIgniter->handleRequest(null, Object(Config\Cache), false)
 9 FCPATH\index.php(79): CodeIgniter\CodeIgniter->run()
10 SYSTEMPATH\Commands\Server\rewrite.php(47): require_once('C:\\Users\\atang\\Downloads\\Nueva carpeta\\blog-main\\public\\index.php')
CRITICAL - 2023-10-05 20:48:11 --> Undefined array key "created_at"
in APPPATH\Views\posts\ejercicio09.php on line 23.
 1 APPPATH\Views\posts\ejercicio09.php(23): CodeIgniter\Debug\Exceptions->errorHandler(2, 'Undefined array key "created_at"', 'C:\\Users\\atang\\Downloads\\Nueva carpeta\\blog-main\\app\\Views\\posts\\ejercicio09.php', 23)
 2 SYSTEMPATH\View\View.php(226): include('C:\\Users\\atang\\Downloads\\Nueva carpeta\\blog-main\\app\\Views\\posts\\ejercicio09.php')
 3 SYSTEMPATH\View\View.php(229): CodeIgniter\View\View->CodeIgniter\View\{closure}()
 4 SYSTEMPATH\Common.php(1188): CodeIgniter\View\View->render('posts/ejercicio09', [], true)
 5 APPPATH\Controllers\PostController.php(100): view('posts/ejercicio09', [...])
 6 SYSTEMPATH\CodeIgniter.php(919): App\Controllers\PostController->ejercicio09()
 7 SYSTEMPATH\CodeIgniter.php(494): CodeIgniter\CodeIgniter->runController(Object(App\Controllers\PostController))
 8 SYSTEMPATH\CodeIgniter.php(353): CodeIgniter\CodeIgniter->handleRequest(null, Object(Config\Cache), false)
 9 FCPATH\index.php(79): CodeIgniter\CodeIgniter->run()
10 SYSTEMPATH\Commands\Server\rewrite.php(47): require_once('C:\\Users\\atang\\Downloads\\Nueva carpeta\\blog-main\\public\\index.php')
CRITICAL - 2023-10-05 20:49:29 --> Undefined array key "profile"
in APPPATH\Views\posts\ejercicio09.php on line 22.
 1 APPPATH\Views\posts\ejercicio09.php(22): CodeIgniter\Debug\Exceptions->errorHandler(2, 'Undefined array key "profile"', 'C:\\Users\\atang\\Downloads\\Nueva carpeta\\blog-main\\app\\Views\\posts\\ejercicio09.php', 22)
 2 SYSTEMPATH\View\View.php(226): include('C:\\Users\\atang\\Downloads\\Nueva carpeta\\blog-main\\app\\Views\\posts\\ejercicio09.php')
 3 SYSTEMPATH\View\View.php(229): CodeIgniter\View\View->CodeIgniter\View\{closure}()
 4 SYSTEMPATH\Common.php(1188): CodeIgniter\View\View->render('posts/ejercicio09', [], true)
 5 APPPATH\Controllers\PostController.php(100): view('posts/ejercicio09', [...])
 6 SYSTEMPATH\CodeIgniter.php(919): App\Controllers\PostController->ejercicio09()
 7 SYSTEMPATH\CodeIgniter.php(494): CodeIgniter\CodeIgniter->runController(Object(App\Controllers\PostController))
 8 SYSTEMPATH\CodeIgniter.php(353): CodeIgniter\CodeIgniter->handleRequest(null, Object(Config\Cache), false)
 9 FCPATH\index.php(79): CodeIgniter\CodeIgniter->run()
10 SYSTEMPATH\Commands\Server\rewrite.php(47): require_once('C:\\Users\\atang\\Downloads\\Nueva carpeta\\blog-main\\public\\index.php')
