CRITICAL - 2023-10-06 03:01:44 --> Undefined array key "profile"
in APPPATH\Views\posts\ejercicio09.php on line 22.
 1 APPPATH\Views\posts\ejercicio09.php(22): CodeIgniter\Debug\Exceptions->errorHandler(2, 'Undefined array key "profile"', 'C:\\Users\\atang\\Downloads\\Nueva carpeta\\blog-main\\app\\Views\\posts\\ejercicio09.php', 22)
 2 SYSTEMPATH\View\View.php(226): include('C:\\Users\\atang\\Downloads\\Nueva carpeta\\blog-main\\app\\Views\\posts\\ejercicio09.php')
 3 SYSTEMPATH\View\View.php(229): CodeIgniter\View\View->CodeIgniter\View\{closure}()
 4 SYSTEMPATH\Common.php(1188): CodeIgniter\View\View->render('posts/ejercicio09', [], true)
 5 APPPATH\Controllers\PostController.php(100): view('posts/ejercicio09', [...])
 6 SYSTEMPATH\CodeIgniter.php(919): App\Controllers\PostController->ejercicio09()
 7 SYSTEMPATH\CodeIgniter.php(494): CodeIgniter\CodeIgniter->runController(Object(App\Controllers\PostController))
 8 SYSTEMPATH\CodeIgniter.php(353): CodeIgniter\CodeIgniter->handleRequest(null, Object(Config\Cache), false)
 9 FCPATH\index.php(79): CodeIgniter\CodeIgniter->run()
10 SYSTEMPATH\Commands\Server\rewrite.php(47): require_once('C:\\Users\\atang\\Downloads\\Nueva carpeta\\blog-main\\public\\index.php')
CRITICAL - 2023-10-06 03:01:58 --> Undefined array key "username"
in APPPATH\Views\posts\ejercicio09.php on line 22.
 1 APPPATH\Views\posts\ejercicio09.php(22): CodeIgniter\Debug\Exceptions->errorHandler(2, 'Undefined array key "username"', 'C:\\Users\\atang\\Downloads\\Nueva carpeta\\blog-main\\app\\Views\\posts\\ejercicio09.php', 22)
 2 SYSTEMPATH\View\View.php(226): include('C:\\Users\\atang\\Downloads\\Nueva carpeta\\blog-main\\app\\Views\\posts\\ejercicio09.php')
 3 SYSTEMPATH\View\View.php(229): CodeIgniter\View\View->CodeIgniter\View\{closure}()
 4 SYSTEMPATH\Common.php(1188): CodeIgniter\View\View->render('posts/ejercicio09', [], true)
 5 APPPATH\Controllers\PostController.php(100): view('posts/ejercicio09', [...])
 6 SYSTEMPATH\CodeIgniter.php(919): App\Controllers\PostController->ejercicio09()
 7 SYSTEMPATH\CodeIgniter.php(494): CodeIgniter\CodeIgniter->runController(Object(App\Controllers\PostController))
 8 SYSTEMPATH\CodeIgniter.php(353): CodeIgniter\CodeIgniter->handleRequest(null, Object(Config\Cache), false)
 9 FCPATH\index.php(79): CodeIgniter\CodeIgniter->run()
10 SYSTEMPATH\Commands\Server\rewrite.php(47): require_once('C:\\Users\\atang\\Downloads\\Nueva carpeta\\blog-main\\public\\index.php')
ERROR - 2023-10-06 03:13:50 --> mysqli_sql_exception: You have an error in your SQL syntax; check the manual that corresponds to your MariaDB server version for the right syntax to use near 'select autor ID, count(autor) CantidasPost, "Autores" as Seccion from posts g...' at line 2 in C:\Users\atang\Downloads\Nueva carpeta\blog-main\system\Database\MySQLi\Connection.php:306
Stack trace:
#0 C:\Users\atang\Downloads\Nueva carpeta\blog-main\system\Database\MySQLi\Connection.php(306): mysqli->query(' select * from ...', 0)
#1 C:\Users\atang\Downloads\Nueva carpeta\blog-main\system\Database\BaseConnection.php(692): CodeIgniter\Database\MySQLi\Connection->execute(' select * from ...')
#2 C:\Users\atang\Downloads\Nueva carpeta\blog-main\system\Database\BaseConnection.php(606): CodeIgniter\Database\BaseConnection->simpleQuery(' select * from ...')
#3 C:\Users\atang\Downloads\Nueva carpeta\blog-main\app\Controllers\PostController.php(91): CodeIgniter\Database\BaseConnection->query(' select * from ...')
#4 C:\Users\atang\Downloads\Nueva carpeta\blog-main\system\CodeIgniter.php(919): App\Controllers\PostController->ejercicio08()
#5 C:\Users\atang\Downloads\Nueva carpeta\blog-main\system\CodeIgniter.php(494): CodeIgniter\CodeIgniter->runController(Object(App\Controllers\PostController))
#6 C:\Users\atang\Downloads\Nueva carpeta\blog-main\system\CodeIgniter.php(353): CodeIgniter\CodeIgniter->handleRequest(NULL, Object(Config\Cache), false)
#7 C:\Users\atang\Downloads\Nueva carpeta\blog-main\public\index.php(79): CodeIgniter\CodeIgniter->run()
#8 C:\Users\atang\Downloads\Nueva carpeta\blog-main\system\Commands\Server\rewrite.php(47): require_once('C:\\Users\\atang\\...')
#9 {main}
CRITICAL - 2023-10-06 03:13:50 --> You have an error in your SQL syntax; check the manual that corresponds to your MariaDB server version for the right syntax to use near 'select autor ID, count(autor) CantidasPost, "Autores" as Seccion from posts g...' at line 2
in SYSTEMPATH\Database\BaseConnection.php on line 646.
 1 APPPATH\Controllers\PostController.php(91): CodeIgniter\Database\BaseConnection->query(' select * from (select category ID , count(category) CantidasPost, "Categorias" as Seccion from posts group by category 
			 select autor ID, count(autor) CantidasPost, "Autores" as Seccion from posts group by autor) as x
			 where 1=1
			 and x.Seccion = "Categorias"
			 order by x.Seccion, x.CantidasPost desc;')
 2 SYSTEMPATH\CodeIgniter.php(919): App\Controllers\PostController->ejercicio08()
 3 SYSTEMPATH\CodeIgniter.php(494): CodeIgniter\CodeIgniter->runController(Object(App\Controllers\PostController))
 4 SYSTEMPATH\CodeIgniter.php(353): CodeIgniter\CodeIgniter->handleRequest(null, Object(Config\Cache), false)
 5 FCPATH\index.php(79): CodeIgniter\CodeIgniter->run()
 6 SYSTEMPATH\Commands\Server\rewrite.php(47): require_once('C:\\Users\\atang\\Downloads\\Nueva carpeta\\blog-main\\public\\index.php')
CRITICAL - 2023-10-06 03:15:09 --> Undefined variable $resumen
in APPPATH\Views\posts\ejercicio07.php on line 14.
 1 APPPATH\Views\posts\ejercicio07.php(14): CodeIgniter\Debug\Exceptions->errorHandler(2, 'Undefined variable $resumen', 'C:\\Users\\atang\\Downloads\\Nueva carpeta\\blog-main\\app\\Views\\posts\\ejercicio07.php', 14)
 2 SYSTEMPATH\View\View.php(226): include('C:\\Users\\atang\\Downloads\\Nueva carpeta\\blog-main\\app\\Views\\posts\\ejercicio07.php')
 3 SYSTEMPATH\View\View.php(229): CodeIgniter\View\View->CodeIgniter\View\{closure}()
 4 SYSTEMPATH\Common.php(1188): CodeIgniter\View\View->render('posts/ejercicio07', [], true)
 5 APPPATH\Controllers\PostController.php(85): view('posts/ejercicio07', [...])
 6 SYSTEMPATH\CodeIgniter.php(919): App\Controllers\PostController->ejercicio07()
 7 SYSTEMPATH\CodeIgniter.php(494): CodeIgniter\CodeIgniter->runController(Object(App\Controllers\PostController))
 8 SYSTEMPATH\CodeIgniter.php(353): CodeIgniter\CodeIgniter->handleRequest(null, Object(Config\Cache), false)
 9 FCPATH\index.php(79): CodeIgniter\CodeIgniter->run()
10 SYSTEMPATH\Commands\Server\rewrite.php(47): require_once('C:\\Users\\atang\\Downloads\\Nueva carpeta\\blog-main\\public\\index.php')
ERROR - 2023-10-06 03:19:46 --> mysqli_sql_exception: You have an error in your SQL syntax; check the manual that corresponds to your MariaDB server version for the right syntax to use near 'aquí va tu consulta' at line 1 in C:\Users\atang\Downloads\Nueva carpeta\blog-main\system\Database\MySQLi\Connection.php:306
Stack trace:
#0 C:\Users\atang\Downloads\Nueva carpeta\blog-main\system\Database\MySQLi\Connection.php(306): mysqli->query('aqu\xC3\xAD va tu con...', 0)
#1 C:\Users\atang\Downloads\Nueva carpeta\blog-main\system\Database\BaseConnection.php(692): CodeIgniter\Database\MySQLi\Connection->execute('aqu\xC3\xAD va tu con...')
#2 C:\Users\atang\Downloads\Nueva carpeta\blog-main\system\Database\BaseConnection.php(606): CodeIgniter\Database\BaseConnection->simpleQuery('aqu\xC3\xAD va tu con...')
#3 C:\Users\atang\Downloads\Nueva carpeta\blog-main\app\Controllers\PostController.php(55): CodeIgniter\Database\BaseConnection->query('aqu\xC3\xAD va tu con...')
#4 C:\Users\atang\Downloads\Nueva carpeta\blog-main\system\CodeIgniter.php(919): App\Controllers\PostController->ejercicio06()
#5 C:\Users\atang\Downloads\Nueva carpeta\blog-main\system\CodeIgniter.php(494): CodeIgniter\CodeIgniter->runController(Object(App\Controllers\PostController))
#6 C:\Users\atang\Downloads\Nueva carpeta\blog-main\system\CodeIgniter.php(353): CodeIgniter\CodeIgniter->handleRequest(NULL, Object(Config\Cache), false)
#7 C:\Users\atang\Downloads\Nueva carpeta\blog-main\public\index.php(79): CodeIgniter\CodeIgniter->run()
#8 C:\Users\atang\Downloads\Nueva carpeta\blog-main\system\Commands\Server\rewrite.php(47): require_once('C:\\Users\\atang\\...')
#9 {main}
CRITICAL - 2023-10-06 03:19:46 --> You have an error in your SQL syntax; check the manual that corresponds to your MariaDB server version for the right syntax to use near 'aquí va tu consulta' at line 1
in SYSTEMPATH\Database\BaseConnection.php on line 646.
 1 APPPATH\Controllers\PostController.php(55): CodeIgniter\Database\BaseConnection->query('aquí va tu consulta')
 2 SYSTEMPATH\CodeIgniter.php(919): App\Controllers\PostController->ejercicio06()
 3 SYSTEMPATH\CodeIgniter.php(494): CodeIgniter\CodeIgniter->runController(Object(App\Controllers\PostController))
 4 SYSTEMPATH\CodeIgniter.php(353): CodeIgniter\CodeIgniter->handleRequest(null, Object(Config\Cache), false)
 5 FCPATH\index.php(79): CodeIgniter\CodeIgniter->run()
 6 SYSTEMPATH\Commands\Server\rewrite.php(47): require_once('C:\\Users\\atang\\Downloads\\Nueva carpeta\\blog-main\\public\\index.php')
ERROR - 2023-10-06 03:20:51 --> mysqli_sql_exception: You have an error in your SQL syntax; check the manual that corresponds to your MariaDB server version for the right syntax to use near 'aquí va tu consulta' at line 1 in C:\Users\atang\Downloads\Nueva carpeta\blog-main\system\Database\MySQLi\Connection.php:306
Stack trace:
#0 C:\Users\atang\Downloads\Nueva carpeta\blog-main\system\Database\MySQLi\Connection.php(306): mysqli->query('aqu\xC3\xAD va tu con...', 0)
#1 C:\Users\atang\Downloads\Nueva carpeta\blog-main\system\Database\BaseConnection.php(692): CodeIgniter\Database\MySQLi\Connection->execute('aqu\xC3\xAD va tu con...')
#2 C:\Users\atang\Downloads\Nueva carpeta\blog-main\system\Database\BaseConnection.php(606): CodeIgniter\Database\BaseConnection->simpleQuery('aqu\xC3\xAD va tu con...')
#3 C:\Users\atang\Downloads\Nueva carpeta\blog-main\app\Controllers\PostController.php(55): CodeIgniter\Database\BaseConnection->query('aqu\xC3\xAD va tu con...')
#4 C:\Users\atang\Downloads\Nueva carpeta\blog-main\system\CodeIgniter.php(919): App\Controllers\PostController->ejercicio06()
#5 C:\Users\atang\Downloads\Nueva carpeta\blog-main\system\CodeIgniter.php(494): CodeIgniter\CodeIgniter->runController(Object(App\Controllers\PostController))
#6 C:\Users\atang\Downloads\Nueva carpeta\blog-main\system\CodeIgniter.php(353): CodeIgniter\CodeIgniter->handleRequest(NULL, Object(Config\Cache), false)
#7 C:\Users\atang\Downloads\Nueva carpeta\blog-main\public\index.php(79): CodeIgniter\CodeIgniter->run()
#8 C:\Users\atang\Downloads\Nueva carpeta\blog-main\system\Commands\Server\rewrite.php(47): require_once('C:\\Users\\atang\\...')
#9 {main}
CRITICAL - 2023-10-06 03:20:51 --> You have an error in your SQL syntax; check the manual that corresponds to your MariaDB server version for the right syntax to use near 'aquí va tu consulta' at line 1
in SYSTEMPATH\Database\BaseConnection.php on line 646.
 1 APPPATH\Controllers\PostController.php(55): CodeIgniter\Database\BaseConnection->query('aquí va tu consulta')
 2 SYSTEMPATH\CodeIgniter.php(919): App\Controllers\PostController->ejercicio06()
 3 SYSTEMPATH\CodeIgniter.php(494): CodeIgniter\CodeIgniter->runController(Object(App\Controllers\PostController))
 4 SYSTEMPATH\CodeIgniter.php(353): CodeIgniter\CodeIgniter->handleRequest(null, Object(Config\Cache), false)
 5 FCPATH\index.php(79): CodeIgniter\CodeIgniter->run()
 6 SYSTEMPATH\Commands\Server\rewrite.php(47): require_once('C:\\Users\\atang\\Downloads\\Nueva carpeta\\blog-main\\public\\index.php')
ERROR - 2023-10-06 04:18:52 --> mysqli_sql_exception: You have an error in your SQL syntax; check the manual that corresponds to your MariaDB server version for the right syntax to use near 'use blog' at line 6 in C:\Users\atang\Downloads\Nueva carpeta\blog-main\system\Database\MySQLi\Connection.php:306
Stack trace:
#0 C:\Users\atang\Downloads\Nueva carpeta\blog-main\system\Database\MySQLi\Connection.php(306): mysqli->query('\n\t\tselect x.tit...', 0)
#1 C:\Users\atang\Downloads\Nueva carpeta\blog-main\system\Database\BaseConnection.php(692): CodeIgniter\Database\MySQLi\Connection->execute('\n\t\tselect x.tit...')
#2 C:\Users\atang\Downloads\Nueva carpeta\blog-main\system\Database\BaseConnection.php(606): CodeIgniter\Database\BaseConnection->simpleQuery('\n\t\tselect x.tit...')
#3 C:\Users\atang\Downloads\Nueva carpeta\blog-main\app\Controllers\PostController.php(126): CodeIgniter\Database\BaseConnection->query('\n\t\tselect x.tit...')
#4 C:\Users\atang\Downloads\Nueva carpeta\blog-main\system\CodeIgniter.php(919): App\Controllers\PostController->ejercicio10()
#5 C:\Users\atang\Downloads\Nueva carpeta\blog-main\system\CodeIgniter.php(494): CodeIgniter\CodeIgniter->runController(Object(App\Controllers\PostController))
#6 C:\Users\atang\Downloads\Nueva carpeta\blog-main\system\CodeIgniter.php(353): CodeIgniter\CodeIgniter->handleRequest(NULL, Object(Config\Cache), false)
#7 C:\Users\atang\Downloads\Nueva carpeta\blog-main\public\index.php(79): CodeIgniter\CodeIgniter->run()
#8 C:\Users\atang\Downloads\Nueva carpeta\blog-main\system\Commands\Server\rewrite.php(47): require_once('C:\\Users\\atang\\...')
#9 {main}
CRITICAL - 2023-10-06 04:18:52 --> You have an error in your SQL syntax; check the manual that corresponds to your MariaDB server version for the right syntax to use near 'use blog' at line 6
in SYSTEMPATH\Database\BaseConnection.php on line 646.
 1 APPPATH\Controllers\PostController.php(126): CodeIgniter\Database\BaseConnection->query('
		select x.title, MIN(x.created_at) as t,x.gender, x.años, x.autor from( select p.id, p.title, p.created_at, ui.gender, TIMESTAMPDIFF(YEAR, ui.birthday, CURDATE()) as años,p.autor from posts as p
		inner join users as u on u.id =p.autor
		inner join userinfo as ui on ui.id = u.id) as x
		where x.gender = "m" and x.años > 16  
		group by x.gender,x.autor;
		use blog')
 2 SYSTEMPATH\CodeIgniter.php(919): App\Controllers\PostController->ejercicio10()
 3 SYSTEMPATH\CodeIgniter.php(494): CodeIgniter\CodeIgniter->runController(Object(App\Controllers\PostController))
 4 SYSTEMPATH\CodeIgniter.php(353): CodeIgniter\CodeIgniter->handleRequest(null, Object(Config\Cache), false)
 5 FCPATH\index.php(79): CodeIgniter\CodeIgniter->run()
 6 SYSTEMPATH\Commands\Server\rewrite.php(47): require_once('C:\\Users\\atang\\Downloads\\Nueva carpeta\\blog-main\\public\\index.php')
CRITICAL - 2023-10-06 04:20:35 --> Undefined array key "id"
in APPPATH\Views\posts\ejercicio10.php on line 15.
 1 APPPATH\Views\posts\ejercicio10.php(15): CodeIgniter\Debug\Exceptions->errorHandler(2, 'Undefined array key "id"', 'C:\\Users\\atang\\Downloads\\Nueva carpeta\\blog-main\\app\\Views\\posts\\ejercicio10.php', 15)
 2 SYSTEMPATH\View\View.php(226): include('C:\\Users\\atang\\Downloads\\Nueva carpeta\\blog-main\\app\\Views\\posts\\ejercicio10.php')
 3 SYSTEMPATH\View\View.php(229): CodeIgniter\View\View->CodeIgniter\View\{closure}()
 4 SYSTEMPATH\Common.php(1188): CodeIgniter\View\View->render('posts/ejercicio10', [], true)
 5 APPPATH\Controllers\PostController.php(136): view('posts/ejercicio10', [...])
 6 SYSTEMPATH\CodeIgniter.php(919): App\Controllers\PostController->ejercicio10()
 7 SYSTEMPATH\CodeIgniter.php(494): CodeIgniter\CodeIgniter->runController(Object(App\Controllers\PostController))
 8 SYSTEMPATH\CodeIgniter.php(353): CodeIgniter\CodeIgniter->handleRequest(null, Object(Config\Cache), false)
 9 FCPATH\index.php(79): CodeIgniter\CodeIgniter->run()
10 SYSTEMPATH\Commands\Server\rewrite.php(47): require_once('C:\\Users\\atang\\Downloads\\Nueva carpeta\\blog-main\\public\\index.php')
CRITICAL - 2023-10-06 04:20:57 --> Undefined array key "category"
in APPPATH\Views\posts\ejercicio10.php on line 16.
 1 APPPATH\Views\posts\ejercicio10.php(16): CodeIgniter\Debug\Exceptions->errorHandler(2, 'Undefined array key "category"', 'C:\\Users\\atang\\Downloads\\Nueva carpeta\\blog-main\\app\\Views\\posts\\ejercicio10.php', 16)
 2 SYSTEMPATH\View\View.php(226): include('C:\\Users\\atang\\Downloads\\Nueva carpeta\\blog-main\\app\\Views\\posts\\ejercicio10.php')
 3 SYSTEMPATH\View\View.php(229): CodeIgniter\View\View->CodeIgniter\View\{closure}()
 4 SYSTEMPATH\Common.php(1188): CodeIgniter\View\View->render('posts/ejercicio10', [], true)
 5 APPPATH\Controllers\PostController.php(136): view('posts/ejercicio10', [...])
 6 SYSTEMPATH\CodeIgniter.php(919): App\Controllers\PostController->ejercicio10()
 7 SYSTEMPATH\CodeIgniter.php(494): CodeIgniter\CodeIgniter->runController(Object(App\Controllers\PostController))
 8 SYSTEMPATH\CodeIgniter.php(353): CodeIgniter\CodeIgniter->handleRequest(null, Object(Config\Cache), false)
 9 FCPATH\index.php(79): CodeIgniter\CodeIgniter->run()
10 SYSTEMPATH\Commands\Server\rewrite.php(47): require_once('C:\\Users\\atang\\Downloads\\Nueva carpeta\\blog-main\\public\\index.php')
CRITICAL - 2023-10-06 04:21:41 --> Undefined array key "created_at"
in APPPATH\Views\posts\ejercicio10.php on line 16.
 1 APPPATH\Views\posts\ejercicio10.php(16): CodeIgniter\Debug\Exceptions->errorHandler(2, 'Undefined array key "created_at"', 'C:\\Users\\atang\\Downloads\\Nueva carpeta\\blog-main\\app\\Views\\posts\\ejercicio10.php', 16)
 2 SYSTEMPATH\View\View.php(226): include('C:\\Users\\atang\\Downloads\\Nueva carpeta\\blog-main\\app\\Views\\posts\\ejercicio10.php')
 3 SYSTEMPATH\View\View.php(229): CodeIgniter\View\View->CodeIgniter\View\{closure}()
 4 SYSTEMPATH\Common.php(1188): CodeIgniter\View\View->render('posts/ejercicio10', [], true)
 5 APPPATH\Controllers\PostController.php(136): view('posts/ejercicio10', [...])
 6 SYSTEMPATH\CodeIgniter.php(919): App\Controllers\PostController->ejercicio10()
 7 SYSTEMPATH\CodeIgniter.php(494): CodeIgniter\CodeIgniter->runController(Object(App\Controllers\PostController))
 8 SYSTEMPATH\CodeIgniter.php(353): CodeIgniter\CodeIgniter->handleRequest(null, Object(Config\Cache), false)
 9 FCPATH\index.php(79): CodeIgniter\CodeIgniter->run()
10 SYSTEMPATH\Commands\Server\rewrite.php(47): require_once('C:\\Users\\atang\\Downloads\\Nueva carpeta\\blog-main\\public\\index.php')
CRITICAL - 2023-10-06 04:21:50 --> Undefined array key "username"
in APPPATH\Views\posts\ejercicio10.php on line 18.
 1 APPPATH\Views\posts\ejercicio10.php(18): CodeIgniter\Debug\Exceptions->errorHandler(2, 'Undefined array key "username"', 'C:\\Users\\atang\\Downloads\\Nueva carpeta\\blog-main\\app\\Views\\posts\\ejercicio10.php', 18)
 2 SYSTEMPATH\View\View.php(226): include('C:\\Users\\atang\\Downloads\\Nueva carpeta\\blog-main\\app\\Views\\posts\\ejercicio10.php')
 3 SYSTEMPATH\View\View.php(229): CodeIgniter\View\View->CodeIgniter\View\{closure}()
 4 SYSTEMPATH\Common.php(1188): CodeIgniter\View\View->render('posts/ejercicio10', [], true)
 5 APPPATH\Controllers\PostController.php(136): view('posts/ejercicio10', [...])
 6 SYSTEMPATH\CodeIgniter.php(919): App\Controllers\PostController->ejercicio10()
 7 SYSTEMPATH\CodeIgniter.php(494): CodeIgniter\CodeIgniter->runController(Object(App\Controllers\PostController))
 8 SYSTEMPATH\CodeIgniter.php(353): CodeIgniter\CodeIgniter->handleRequest(null, Object(Config\Cache), false)
 9 FCPATH\index.php(79): CodeIgniter\CodeIgniter->run()
10 SYSTEMPATH\Commands\Server\rewrite.php(47): require_once('C:\\Users\\atang\\Downloads\\Nueva carpeta\\blog-main\\public\\index.php')
ERROR - 2023-10-06 04:30:37 --> mysqli_sql_exception: You have an error in your SQL syntax; check the manual that corresponds to your MariaDB server version for the right syntax to use near 'select autor ID, count(autor) CantidasPost, "Autores" as Seccion from posts g...' at line 2 in C:\Users\atang\Downloads\Nueva carpeta\blog-main\system\Database\MySQLi\Connection.php:306
Stack trace:
#0 C:\Users\atang\Downloads\Nueva carpeta\blog-main\system\Database\MySQLi\Connection.php(306): mysqli->query(' select * from ...', 0)
#1 C:\Users\atang\Downloads\Nueva carpeta\blog-main\system\Database\BaseConnection.php(692): CodeIgniter\Database\MySQLi\Connection->execute(' select * from ...')
#2 C:\Users\atang\Downloads\Nueva carpeta\blog-main\system\Database\BaseConnection.php(606): CodeIgniter\Database\BaseConnection->simpleQuery(' select * from ...')
#3 C:\Users\atang\Downloads\Nueva carpeta\blog-main\app\Controllers\PostController.php(91): CodeIgniter\Database\BaseConnection->query(' select * from ...')
#4 C:\Users\atang\Downloads\Nueva carpeta\blog-main\system\CodeIgniter.php(919): App\Controllers\PostController->ejercicio08()
#5 C:\Users\atang\Downloads\Nueva carpeta\blog-main\system\CodeIgniter.php(494): CodeIgniter\CodeIgniter->runController(Object(App\Controllers\PostController))
#6 C:\Users\atang\Downloads\Nueva carpeta\blog-main\system\CodeIgniter.php(353): CodeIgniter\CodeIgniter->handleRequest(NULL, Object(Config\Cache), false)
#7 C:\Users\atang\Downloads\Nueva carpeta\blog-main\public\index.php(79): CodeIgniter\CodeIgniter->run()
#8 C:\Users\atang\Downloads\Nueva carpeta\blog-main\system\Commands\Server\rewrite.php(47): require_once('C:\\Users\\atang\\...')
#9 {main}
CRITICAL - 2023-10-06 04:30:37 --> You have an error in your SQL syntax; check the manual that corresponds to your MariaDB server version for the right syntax to use near 'select autor ID, count(autor) CantidasPost, "Autores" as Seccion from posts g...' at line 2
in SYSTEMPATH\Database\BaseConnection.php on line 646.
 1 APPPATH\Controllers\PostController.php(91): CodeIgniter\Database\BaseConnection->query(' select * from (select category ID , count(category) CantidasPost, "Categorias" as Seccion from posts group by category 
			 select autor ID, count(autor) CantidasPost, "Autores" as Seccion from posts group by autor) as x
			 where 1=1
			 and x.Seccion = "Categorias"
			 order by x.Seccion, x.CantidasPost desc;')
 2 SYSTEMPATH\CodeIgniter.php(919): App\Controllers\PostController->ejercicio08()
 3 SYSTEMPATH\CodeIgniter.php(494): CodeIgniter\CodeIgniter->runController(Object(App\Controllers\PostController))
 4 SYSTEMPATH\CodeIgniter.php(353): CodeIgniter\CodeIgniter->handleRequest(null, Object(Config\Cache), false)
 5 FCPATH\index.php(79): CodeIgniter\CodeIgniter->run()
 6 SYSTEMPATH\Commands\Server\rewrite.php(47): require_once('C:\\Users\\atang\\Downloads\\Nueva carpeta\\blog-main\\public\\index.php')
ERROR - 2023-10-06 04:31:04 --> mysqli_sql_exception: You have an error in your SQL syntax; check the manual that corresponds to your MariaDB server version for the right syntax to use near 'select autor ID, count(autor) CantidasPost, "Autores" as Seccion from posts g...' at line 2 in C:\Users\atang\Downloads\Nueva carpeta\blog-main\system\Database\MySQLi\Connection.php:306
Stack trace:
#0 C:\Users\atang\Downloads\Nueva carpeta\blog-main\system\Database\MySQLi\Connection.php(306): mysqli->query(' select * from ...', 0)
#1 C:\Users\atang\Downloads\Nueva carpeta\blog-main\system\Database\BaseConnection.php(692): CodeIgniter\Database\MySQLi\Connection->execute(' select * from ...')
#2 C:\Users\atang\Downloads\Nueva carpeta\blog-main\system\Database\BaseConnection.php(606): CodeIgniter\Database\BaseConnection->simpleQuery(' select * from ...')
#3 C:\Users\atang\Downloads\Nueva carpeta\blog-main\app\Controllers\PostController.php(91): CodeIgniter\Database\BaseConnection->query(' select * from ...')
#4 C:\Users\atang\Downloads\Nueva carpeta\blog-main\system\CodeIgniter.php(919): App\Controllers\PostController->ejercicio08()
#5 C:\Users\atang\Downloads\Nueva carpeta\blog-main\system\CodeIgniter.php(494): CodeIgniter\CodeIgniter->runController(Object(App\Controllers\PostController))
#6 C:\Users\atang\Downloads\Nueva carpeta\blog-main\system\CodeIgniter.php(353): CodeIgniter\CodeIgniter->handleRequest(NULL, Object(Config\Cache), false)
#7 C:\Users\atang\Downloads\Nueva carpeta\blog-main\public\index.php(79): CodeIgniter\CodeIgniter->run()
#8 C:\Users\atang\Downloads\Nueva carpeta\blog-main\system\Commands\Server\rewrite.php(47): require_once('C:\\Users\\atang\\...')
#9 {main}
CRITICAL - 2023-10-06 04:31:04 --> You have an error in your SQL syntax; check the manual that corresponds to your MariaDB server version for the right syntax to use near 'select autor ID, count(autor) CantidasPost, "Autores" as Seccion from posts g...' at line 2
in SYSTEMPATH\Database\BaseConnection.php on line 646.
 1 APPPATH\Controllers\PostController.php(91): CodeIgniter\Database\BaseConnection->query(' select * from (select category ID , count(category) CantidasPost, "Categorias" as Seccion from posts group by category 
			 select autor ID, count(autor) CantidasPost, "Autores" as Seccion from posts group by autor) as x
			 where 1=1
			 and x.Seccion = "Categorias"
			 order by x.Seccion, x.CantidasPost desc')
 2 SYSTEMPATH\CodeIgniter.php(919): App\Controllers\PostController->ejercicio08()
 3 SYSTEMPATH\CodeIgniter.php(494): CodeIgniter\CodeIgniter->runController(Object(App\Controllers\PostController))
 4 SYSTEMPATH\CodeIgniter.php(353): CodeIgniter\CodeIgniter->handleRequest(null, Object(Config\Cache), false)
 5 FCPATH\index.php(79): CodeIgniter\CodeIgniter->run()
 6 SYSTEMPATH\Commands\Server\rewrite.php(47): require_once('C:\\Users\\atang\\Downloads\\Nueva carpeta\\blog-main\\public\\index.php')
CRITICAL - 2023-10-06 04:33:18 --> Undefined array key "ppa"
in APPPATH\Views\posts\ejercicio06.php on line 17.
 1 APPPATH\Views\posts\ejercicio06.php(17): CodeIgniter\Debug\Exceptions->errorHandler(2, 'Undefined array key "ppa"', 'C:\\Users\\atang\\Downloads\\Nueva carpeta\\blog-main\\app\\Views\\posts\\ejercicio06.php', 17)
 2 SYSTEMPATH\View\View.php(226): include('C:\\Users\\atang\\Downloads\\Nueva carpeta\\blog-main\\app\\Views\\posts\\ejercicio06.php')
 3 SYSTEMPATH\View\View.php(229): CodeIgniter\View\View->CodeIgniter\View\{closure}()
 4 SYSTEMPATH\Common.php(1188): CodeIgniter\View\View->render('posts/ejercicio06', [], true)
 5 APPPATH\Controllers\PostController.php(62): view('posts/ejercicio06', [...])
 6 SYSTEMPATH\CodeIgniter.php(919): App\Controllers\PostController->ejercicio06()
 7 SYSTEMPATH\CodeIgniter.php(494): CodeIgniter\CodeIgniter->runController(Object(App\Controllers\PostController))
 8 SYSTEMPATH\CodeIgniter.php(353): CodeIgniter\CodeIgniter->handleRequest(null, Object(Config\Cache), false)
 9 FCPATH\index.php(79): CodeIgniter\CodeIgniter->run()
10 SYSTEMPATH\Commands\Server\rewrite.php(47): require_once('C:\\Users\\atang\\Downloads\\Nueva carpeta\\blog-main\\public\\index.php')
CRITICAL - 2023-10-06 04:37:29 --> Undefined variable $postsPorCateogira
in APPPATH\Views\posts\ejercicio06.php on line 18.
 1 APPPATH\Views\posts\ejercicio06.php(18): CodeIgniter\Debug\Exceptions->errorHandler(2, 'Undefined variable $postsPorCateogira', 'C:\\Users\\atang\\Downloads\\Nueva carpeta\\blog-main\\app\\Views\\posts\\ejercicio06.php', 18)
 2 SYSTEMPATH\View\View.php(226): include('C:\\Users\\atang\\Downloads\\Nueva carpeta\\blog-main\\app\\Views\\posts\\ejercicio06.php')
 3 SYSTEMPATH\View\View.php(229): CodeIgniter\View\View->CodeIgniter\View\{closure}()
 4 SYSTEMPATH\Common.php(1188): CodeIgniter\View\View->render('posts/ejercicio06', [], true)
 5 APPPATH\Controllers\PostController.php(62): view('posts/ejercicio06', [...])
 6 SYSTEMPATH\CodeIgniter.php(919): App\Controllers\PostController->ejercicio06()
 7 SYSTEMPATH\CodeIgniter.php(494): CodeIgniter\CodeIgniter->runController(Object(App\Controllers\PostController))
 8 SYSTEMPATH\CodeIgniter.php(353): CodeIgniter\CodeIgniter->handleRequest(null, Object(Config\Cache), false)
 9 FCPATH\index.php(79): CodeIgniter\CodeIgniter->run()
10 SYSTEMPATH\Commands\Server\rewrite.php(47): require_once('C:\\Users\\atang\\Downloads\\Nueva carpeta\\blog-main\\public\\index.php')
CRITICAL - 2023-10-06 04:37:47 --> Undefined array key "ID"
in APPPATH\Views\posts\ejercicio06.php on line 20.
 1 APPPATH\Views\posts\ejercicio06.php(20): CodeIgniter\Debug\Exceptions->errorHandler(2, 'Undefined array key "ID"', 'C:\\Users\\atang\\Downloads\\Nueva carpeta\\blog-main\\app\\Views\\posts\\ejercicio06.php', 20)
 2 SYSTEMPATH\View\View.php(226): include('C:\\Users\\atang\\Downloads\\Nueva carpeta\\blog-main\\app\\Views\\posts\\ejercicio06.php')
 3 SYSTEMPATH\View\View.php(229): CodeIgniter\View\View->CodeIgniter\View\{closure}()
 4 SYSTEMPATH\Common.php(1188): CodeIgniter\View\View->render('posts/ejercicio06', [], true)
 5 APPPATH\Controllers\PostController.php(62): view('posts/ejercicio06', [...])
 6 SYSTEMPATH\CodeIgniter.php(919): App\Controllers\PostController->ejercicio06()
 7 SYSTEMPATH\CodeIgniter.php(494): CodeIgniter\CodeIgniter->runController(Object(App\Controllers\PostController))
 8 SYSTEMPATH\CodeIgniter.php(353): CodeIgniter\CodeIgniter->handleRequest(null, Object(Config\Cache), false)
 9 FCPATH\index.php(79): CodeIgniter\CodeIgniter->run()
10 SYSTEMPATH\Commands\Server\rewrite.php(47): require_once('C:\\Users\\atang\\Downloads\\Nueva carpeta\\blog-main\\public\\index.php')
CRITICAL - 2023-10-06 04:38:02 --> Undefined array key "CantidadPost"
in APPPATH\Views\posts\ejercicio06.php on line 21.
 1 APPPATH\Views\posts\ejercicio06.php(21): CodeIgniter\Debug\Exceptions->errorHandler(2, 'Undefined array key "CantidadPost"', 'C:\\Users\\atang\\Downloads\\Nueva carpeta\\blog-main\\app\\Views\\posts\\ejercicio06.php', 21)
 2 SYSTEMPATH\View\View.php(226): include('C:\\Users\\atang\\Downloads\\Nueva carpeta\\blog-main\\app\\Views\\posts\\ejercicio06.php')
 3 SYSTEMPATH\View\View.php(229): CodeIgniter\View\View->CodeIgniter\View\{closure}()
 4 SYSTEMPATH\Common.php(1188): CodeIgniter\View\View->render('posts/ejercicio06', [], true)
 5 APPPATH\Controllers\PostController.php(62): view('posts/ejercicio06', [...])
 6 SYSTEMPATH\CodeIgniter.php(919): App\Controllers\PostController->ejercicio06()
 7 SYSTEMPATH\CodeIgniter.php(494): CodeIgniter\CodeIgniter->runController(Object(App\Controllers\PostController))
 8 SYSTEMPATH\CodeIgniter.php(353): CodeIgniter\CodeIgniter->handleRequest(null, Object(Config\Cache), false)
 9 FCPATH\index.php(79): CodeIgniter\CodeIgniter->run()
10 SYSTEMPATH\Commands\Server\rewrite.php(47): require_once('C:\\Users\\atang\\Downloads\\Nueva carpeta\\blog-main\\public\\index.php')
CRITICAL - 2023-10-06 04:39:10 --> Undefined array key "Seccion"
in APPPATH\Views\posts\ejercicio06.php on line 22.
 1 APPPATH\Views\posts\ejercicio06.php(22): CodeIgniter\Debug\Exceptions->errorHandler(2, 'Undefined array key "Seccion"', 'C:\\Users\\atang\\Downloads\\Nueva carpeta\\blog-main\\app\\Views\\posts\\ejercicio06.php', 22)
 2 SYSTEMPATH\View\View.php(226): include('C:\\Users\\atang\\Downloads\\Nueva carpeta\\blog-main\\app\\Views\\posts\\ejercicio06.php')
 3 SYSTEMPATH\View\View.php(229): CodeIgniter\View\View->CodeIgniter\View\{closure}()
 4 SYSTEMPATH\Common.php(1188): CodeIgniter\View\View->render('posts/ejercicio06', [], true)
 5 APPPATH\Controllers\PostController.php(62): view('posts/ejercicio06', [...])
 6 SYSTEMPATH\CodeIgniter.php(919): App\Controllers\PostController->ejercicio06()
 7 SYSTEMPATH\CodeIgniter.php(494): CodeIgniter\CodeIgniter->runController(Object(App\Controllers\PostController))
 8 SYSTEMPATH\CodeIgniter.php(353): CodeIgniter\CodeIgniter->handleRequest(null, Object(Config\Cache), false)
 9 FCPATH\index.php(79): CodeIgniter\CodeIgniter->run()
10 SYSTEMPATH\Commands\Server\rewrite.php(47): require_once('C:\\Users\\atang\\Downloads\\Nueva carpeta\\blog-main\\public\\index.php')
CRITICAL - 2023-10-06 04:40:03 --> Undefined array key "post"
in APPPATH\Views\posts\ejercicio06.php on line 22.
 1 APPPATH\Views\posts\ejercicio06.php(22): CodeIgniter\Debug\Exceptions->errorHandler(2, 'Undefined array key "post"', 'C:\\Users\\atang\\Downloads\\Nueva carpeta\\blog-main\\app\\Views\\posts\\ejercicio06.php', 22)
 2 SYSTEMPATH\View\View.php(226): include('C:\\Users\\atang\\Downloads\\Nueva carpeta\\blog-main\\app\\Views\\posts\\ejercicio06.php')
 3 SYSTEMPATH\View\View.php(229): CodeIgniter\View\View->CodeIgniter\View\{closure}()
 4 SYSTEMPATH\Common.php(1188): CodeIgniter\View\View->render('posts/ejercicio06', [], true)
 5 APPPATH\Controllers\PostController.php(62): view('posts/ejercicio06', [...])
 6 SYSTEMPATH\CodeIgniter.php(919): App\Controllers\PostController->ejercicio06()
 7 SYSTEMPATH\CodeIgniter.php(494): CodeIgniter\CodeIgniter->runController(Object(App\Controllers\PostController))
 8 SYSTEMPATH\CodeIgniter.php(353): CodeIgniter\CodeIgniter->handleRequest(null, Object(Config\Cache), false)
 9 FCPATH\index.php(79): CodeIgniter\CodeIgniter->run()
10 SYSTEMPATH\Commands\Server\rewrite.php(47): require_once('C:\\Users\\atang\\Downloads\\Nueva carpeta\\blog-main\\public\\index.php')
CRITICAL - 2023-10-06 19:31:44 --> Undefined array key "id"
in APPPATH\Views\posts\ejercicio02.php on line 19.
 1 APPPATH\Views\posts\ejercicio02.php(19): CodeIgniter\Debug\Exceptions->errorHandler(2, 'Undefined array key "id"', 'C:\\Users\\atang\\Downloads\\Nueva carpeta\\blog-main\\app\\Views\\posts\\ejercicio02.php', 19)
 2 SYSTEMPATH\View\View.php(226): include('C:\\Users\\atang\\Downloads\\Nueva carpeta\\blog-main\\app\\Views\\posts\\ejercicio02.php')
 3 SYSTEMPATH\View\View.php(229): CodeIgniter\View\View->CodeIgniter\View\{closure}()
 4 SYSTEMPATH\Common.php(1188): CodeIgniter\View\View->render('posts/ejercicio02', [], true)
 5 APPPATH\Controllers\PostController.php(30): view('posts/ejercicio02', [...])
 6 SYSTEMPATH\CodeIgniter.php(919): App\Controllers\PostController->ejercicio02()
 7 SYSTEMPATH\CodeIgniter.php(494): CodeIgniter\CodeIgniter->runController(Object(App\Controllers\PostController))
 8 SYSTEMPATH\CodeIgniter.php(353): CodeIgniter\CodeIgniter->handleRequest(null, Object(Config\Cache), false)
 9 FCPATH\index.php(79): CodeIgniter\CodeIgniter->run()
10 SYSTEMPATH\Commands\Server\rewrite.php(47): require_once('C:\\Users\\atang\\Downloads\\Nueva carpeta\\blog-main\\public\\index.php')
