CRITICAL - 2023-10-25 07:13:23 --> Class "App\Controllers\CI_controller" not found
in APPPATH\Controllers\PostController.php on line 150.
 1 SYSTEMPATH\Autoloader\Autoloader.php(306): include_once()
 2 SYSTEMPATH\Autoloader\Autoloader.php(285): CodeIgniter\Autoloader\Autoloader->includeFile('C:\\Users\\atang\\Downloads\\Nueva carpeta\\blog-main\\app\\Controllers\\PostController.php')
 3 SYSTEMPATH\Autoloader\Autoloader.php(263): CodeIgniter\Autoloader\Autoloader->loadInNamespace('App\\Controllers\\PostController')
 4 [internal function]: CodeIgniter\Autoloader\Autoloader->loadClass('App\\Controllers\\PostController')
 5 SYSTEMPATH\CodeIgniter.php(877): class_exists('\\App\\Controllers\\PostController', true)
 6 SYSTEMPATH\CodeIgniter.php(481): CodeIgniter\CodeIgniter->startController()
 7 SYSTEMPATH\CodeIgniter.php(353): CodeIgniter\CodeIgniter->handleRequest(null, Object(Config\Cache), false)
 8 FCPATH\index.php(79): CodeIgniter\CodeIgniter->run()
 9 SYSTEMPATH\Commands\Server\rewrite.php(47): require_once('C:\\Users\\atang\\Downloads\\Nueva carpeta\\blog-main\\public\\index.php')
CRITICAL - 2023-10-25 07:14:40 --> Class "App\Controllers\postCrontroller" not found
in APPPATH\Controllers\PostController.php on line 150.
 1 SYSTEMPATH\Autoloader\Autoloader.php(306): include_once()
 2 SYSTEMPATH\Autoloader\Autoloader.php(285): CodeIgniter\Autoloader\Autoloader->includeFile('C:\\Users\\atang\\Downloads\\Nueva carpeta\\blog-main\\app\\Controllers\\PostController.php')
 3 SYSTEMPATH\Autoloader\Autoloader.php(263): CodeIgniter\Autoloader\Autoloader->loadInNamespace('App\\Controllers\\PostController')
 4 [internal function]: CodeIgniter\Autoloader\Autoloader->loadClass('App\\Controllers\\PostController')
 5 SYSTEMPATH\CodeIgniter.php(877): class_exists('\\App\\Controllers\\PostController', true)
 6 SYSTEMPATH\CodeIgniter.php(481): CodeIgniter\CodeIgniter->startController()
 7 SYSTEMPATH\CodeIgniter.php(353): CodeIgniter\CodeIgniter->handleRequest(null, Object(Config\Cache), false)
 8 FCPATH\index.php(79): CodeIgniter\CodeIgniter->run()
 9 SYSTEMPATH\Commands\Server\rewrite.php(47): require_once('C:\\Users\\atang\\Downloads\\Nueva carpeta\\blog-main\\public\\index.php')
CRITICAL - 2023-10-25 07:17:58 --> Class "App\Controllers\CI_Controller" not found
in APPPATH\Controllers\PostController.php on line 152.
 1 SYSTEMPATH\Autoloader\Autoloader.php(306): include_once()
 2 SYSTEMPATH\Autoloader\Autoloader.php(285): CodeIgniter\Autoloader\Autoloader->includeFile('C:\\Users\\atang\\Downloads\\Nueva carpeta\\blog-main\\app\\Controllers\\PostController.php')
 3 SYSTEMPATH\Autoloader\Autoloader.php(263): CodeIgniter\Autoloader\Autoloader->loadInNamespace('App\\Controllers\\PostController')
 4 [internal function]: CodeIgniter\Autoloader\Autoloader->loadClass('App\\Controllers\\PostController')
 5 SYSTEMPATH\CodeIgniter.php(877): class_exists('\\App\\Controllers\\PostController', true)
 6 SYSTEMPATH\CodeIgniter.php(481): CodeIgniter\CodeIgniter->startController()
 7 SYSTEMPATH\CodeIgniter.php(353): CodeIgniter\CodeIgniter->handleRequest(null, Object(Config\Cache), false)
 8 FCPATH\index.php(79): CodeIgniter\CodeIgniter->run()
 9 SYSTEMPATH\Commands\Server\rewrite.php(47): require_once('C:\\Users\\atang\\Downloads\\Nueva carpeta\\blog-main\\public\\index.php')
ERROR - 2023-10-25 16:13:32 --> Error connecting to the database: mysqli_sql_exception: No se puede establecer una conexión ya que el equipo de destino denegó expresamente dicha conexión in C:\Users\atang\Downloads\Nueva carpeta\blog-main\system\Database\MySQLi\Connection.php:184
Stack trace:
#0 C:\Users\atang\Downloads\Nueva carpeta\blog-main\system\Database\MySQLi\Connection.php(184): mysqli->real_connect('localhost', 'root', Object(SensitiveParameterValue), 'blog', 3306, '', 0)
#1 C:\Users\atang\Downloads\Nueva carpeta\blog-main\system\Database\BaseConnection.php(391): CodeIgniter\Database\MySQLi\Connection->connect(false)
#2 C:\Users\atang\Downloads\Nueva carpeta\blog-main\system\Database\BaseConnection.php(574): CodeIgniter\Database\BaseConnection->initialize()
#3 C:\Users\atang\Downloads\Nueva carpeta\blog-main\app\Controllers\PostController.php(25): CodeIgniter\Database\BaseConnection->query('select p.autor,...')
#4 C:\Users\atang\Downloads\Nueva carpeta\blog-main\system\CodeIgniter.php(919): App\Controllers\PostController->ejercicio02()
#5 C:\Users\atang\Downloads\Nueva carpeta\blog-main\system\CodeIgniter.php(494): CodeIgniter\CodeIgniter->runController(Object(App\Controllers\PostController))
#6 C:\Users\atang\Downloads\Nueva carpeta\blog-main\system\CodeIgniter.php(353): CodeIgniter\CodeIgniter->handleRequest(NULL, Object(Config\Cache), false)
#7 C:\Users\atang\Downloads\Nueva carpeta\blog-main\public\index.php(79): CodeIgniter\CodeIgniter->run()
#8 C:\Users\atang\Downloads\Nueva carpeta\blog-main\system\Commands\Server\rewrite.php(47): require_once('C:\\Users\\atang\\...')
#9 {main}

Next CodeIgniter\Database\Exceptions\DatabaseException: No se puede establecer una conexión ya que el equipo de destino denegó expresamente dicha conexión in C:\Users\atang\Downloads\Nueva carpeta\blog-main\system\Database\MySQLi\Connection.php:229
Stack trace:
#0 C:\Users\atang\Downloads\Nueva carpeta\blog-main\system\Database\BaseConnection.php(391): CodeIgniter\Database\MySQLi\Connection->connect(false)
#1 C:\Users\atang\Downloads\Nueva carpeta\blog-main\system\Database\BaseConnection.php(574): CodeIgniter\Database\BaseConnection->initialize()
#2 C:\Users\atang\Downloads\Nueva carpeta\blog-main\app\Controllers\PostController.php(25): CodeIgniter\Database\BaseConnection->query('select p.autor,...')
#3 C:\Users\atang\Downloads\Nueva carpeta\blog-main\system\CodeIgniter.php(919): App\Controllers\PostController->ejercicio02()
#4 C:\Users\atang\Downloads\Nueva carpeta\blog-main\system\CodeIgniter.php(494): CodeIgniter\CodeIgniter->runController(Object(App\Controllers\PostController))
#5 C:\Users\atang\Downloads\Nueva carpeta\blog-main\system\CodeIgniter.php(353): CodeIgniter\CodeIgniter->handleRequest(NULL, Object(Config\Cache), false)
#6 C:\Users\atang\Downloads\Nueva carpeta\blog-main\public\index.php(79): CodeIgniter\CodeIgniter->run()
#7 C:\Users\atang\Downloads\Nueva carpeta\blog-main\system\Commands\Server\rewrite.php(47): require_once('C:\\Users\\atang\\...')
#8 {main}
CRITICAL - 2023-10-25 16:13:32 --> Unable to connect to the database.
Main connection [MySQLi]: No se puede establecer una conexión ya que el equipo de destino denegó expresamente dicha conexión
in SYSTEMPATH\Database\BaseConnection.php on line 427.
 1 SYSTEMPATH\Database\BaseConnection.php(574): CodeIgniter\Database\BaseConnection->initialize()
 2 APPPATH\Controllers\PostController.php(25): CodeIgniter\Database\BaseConnection->query('select p.autor, u.username, p.title, c.category 
		from posts as p inner join categories as c on p.id = c.id inner join users as u on u.id = p.id')
 3 SYSTEMPATH\CodeIgniter.php(919): App\Controllers\PostController->ejercicio02()
 4 SYSTEMPATH\CodeIgniter.php(494): CodeIgniter\CodeIgniter->runController(Object(App\Controllers\PostController))
 5 SYSTEMPATH\CodeIgniter.php(353): CodeIgniter\CodeIgniter->handleRequest(null, Object(Config\Cache), false)
 6 FCPATH\index.php(79): CodeIgniter\CodeIgniter->run()
 7 SYSTEMPATH\Commands\Server\rewrite.php(47): require_once('C:\\Users\\atang\\Downloads\\Nueva carpeta\\blog-main\\public\\index.php')
